<?xml version="1.0" encoding="UTF-8"?>
<!-- Generated by org.testng.reporters.JUnitReportReporter -->
<testsuite skipped="0" hostname="MAYRLON-PC" name="com.newtours.tests.BookFlightTest" tests="20" failures="0" timestamp="2019-12-01T16:09:57 BRT" time="43.488" errors="0">
  <testcase name="registrationPage" time="13.646" classname="com.newtours.tests.BookFlightTest"/>
  <testcase name="registrationPage" time="4.261" classname="com.newtours.tests.BookFlightTest"/>
  <testcase name="flightDetailsPage" time="0.771" classname="com.newtours.tests.BookFlightTest"/>
  <testcase name="flightConfirmationPage" time="1.022" classname="com.newtours.tests.BookFlightTest"/>
  <testcase name="registrationPage" time="4.416" classname="com.newtours.tests.BookFlightTest"/>
  <testcase name="registrationConfirmationPage" time="0.707" classname="com.newtours.tests.BookFlightTest"/>
  <testcase name="registrationConfirmationPage" time="0.700" classname="com.newtours.tests.BookFlightTest"/>
  <testcase name="flightDetailsPage" time="0.759" classname="com.newtours.tests.BookFlightTest"/>
  <testcase name="findFlightPage" time="1.663" classname="com.newtours.tests.BookFlightTest"/>
  <testcase name="flightDetailsPage" time="0.802" classname="com.newtours.tests.BookFlightTest"/>
  <testcase name="flightConfirmationPage" time="0.960" classname="com.newtours.tests.BookFlightTest"/>
  <testcase name="registrationConfirmationPage" time="0.700" classname="com.newtours.tests.BookFlightTest"/>
  <testcase name="flightConfirmationPage" time="0.928" classname="com.newtours.tests.BookFlightTest"/>
  <testcase name="registrationConfirmationPage" time="0.742" classname="com.newtours.tests.BookFlightTest"/>
  <testcase name="findFlightPage" time="2.114" classname="com.newtours.tests.BookFlightTest"/>
  <testcase name="registrationPage" time="4.254" classname="com.newtours.tests.BookFlightTest"/>
  <testcase name="flightDetailsPage" time="0.733" classname="com.newtours.tests.BookFlightTest"/>
  <testcase name="findFlightPage" time="1.700" classname="com.newtours.tests.BookFlightTest"/>
  <testcase name="findFlightPage" time="1.692" classname="com.newtours.tests.BookFlightTest"/>
  <testcase name="flightConfirmationPage" time="0.918" classname="com.newtours.tests.BookFlightTest"/>
</testsuite> <!-- com.newtours.tests.BookFlightTest -->
